# JRE version: OpenJDK Runtime Environment (21.0.6) (build 21.0.6+-13391695-b895.109)
# Java VM: OpenJDK 64-Bit Server VM (21.0.6+-13391695-b895.109, mixed mode, tiered, compressed oops, compressed class ptrs, g1 gc, windows-amd64)
GC Precious Log:
 CardTable entry size: 512
 Card Set container configuration: InlinePtr #cards 5 size 8 Array Of Cards #cards 12 size 40 Howl #buckets 4 coarsen threshold 1843 Howl Bitmap #cards 512 size 80 coarsen threshold 460 Card regions per heap region 1 cards per card region 2048
 CPUs: 8 total, 8 available
 Memory: 7910M
 Large Page Support: Disabled
 NUMA Support: Disabled
 Compressed Oops: Enabled (32-bit)
 Heap Region Size: 1M
 Heap Min Capacity: 8M
 Heap Initial Capacity: 124M
 Heap Max Capacity: 2G
 Pre-touch: Disabled
 Parallel Workers: 8
 Concurrent Workers: 2
 Concurrent Refinement Workers: 8
 Periodic GC: Disabled
Heap:
 garbage-first heap   total 181248K, used 135579K [0x0000000080000000, 0x0000000100000000)
  region size 1024K, 41 young (41984K), 4 survivors (4096K)
 Metaspace       used 104740K, committed 106880K, reserved 1179648K
  class space    used 14214K, committed 15296K, reserved 1048576K
GC Heap History (20 events):
Event: 33.868 GC heap before
{Heap before GC invocations=30 (full 0):
 garbage-first heap   total 125952K, used 124442K [0x0000000080000000, 0x0000000100000000)
  region size 1024K, 61 young (62464K), 7 survivors (7168K)
 Metaspace       used 76397K, committed 78272K, reserved 1179648K
  class space    used 10253K, committed 11200K, reserved 1048576K
}
Event: 33.883 GC heap after
{Heap after GC invocations=31 (full 0):
 garbage-first heap   total 141312K, used 77273K [0x0000000080000000, 0x0000000100000000)
  region size 1024K, 8 young (8192K), 8 survivors (8192K)
 Metaspace       used 76397K, committed 78272K, reserved 1179648K
  class space    used 10253K, committed 11200K, reserved 1048576K
}
Event: 35.418 GC heap before
{Heap before GC invocations=31 (full 0):
 garbage-first heap   total 141312K, used 124377K [0x0000000080000000, 0x0000000100000000)
  region size 1024K, 54 young (55296K), 8 survivors (8192K)
 Metaspace       used 81918K, committed 83968K, reserved 1179648K
  class space    used 10970K, committed 11968K, reserved 1048576K
}
Event: 35.428 GC heap after
{Heap after GC invocations=32 (full 0):
 garbage-first heap   total 141312K, used 79059K [0x0000000080000000, 0x0000000100000000)
  region size 1024K, 3 young (3072K), 3 survivors (3072K)
 Metaspace       used 81918K, committed 83968K, reserved 1179648K
  class space    used 10970K, committed 11968K, reserved 1048576K
}
Event: 35.615 GC heap before
{Heap before GC invocations=32 (full 0):
 garbage-first heap   total 141312K, used 81107K [0x0000000080000000, 0x0000000100000000)
  region size 1024K, 6 young (6144K), 3 survivors (3072K)
 Metaspace       used 82418K, committed 84416K, reserved 1179648K
  class space    used 11027K, committed 12032K, reserved 1048576K
}
Event: 35.623 GC heap after
{Heap after GC invocations=33 (full 0):
 garbage-first heap   total 141312K, used 79433K [0x0000000080000000, 0x0000000100000000)
  region size 1024K, 3 young (3072K), 3 survivors (3072K)
 Metaspace       used 82418K, committed 84416K, reserved 1179648K
  class space    used 11027K, committed 12032K, reserved 1048576K
}
Event: 36.783 GC heap before
{Heap before GC invocations=34 (full 0):
 garbage-first heap   total 141312K, used 131657K [0x0000000080000000, 0x0000000100000000)
  region size 1024K, 49 young (50176K), 3 survivors (3072K)
 Metaspace       used 85095K, committed 87040K, reserved 1179648K
  class space    used 11388K, committed 12352K, reserved 1048576K
}
Event: 36.794 GC heap after
{Heap after GC invocations=35 (full 0):
 garbage-first heap   total 141312K, used 84467K [0x0000000080000000, 0x0000000100000000)
  region size 1024K, 7 young (7168K), 7 survivors (7168K)
 Metaspace       used 85095K, committed 87040K, reserved 1179648K
  class space    used 11388K, committed 12352K, reserved 1048576K
}
Event: 38.143 GC heap before
{Heap before GC invocations=35 (full 0):
 garbage-first heap   total 141312K, used 125427K [0x0000000080000000, 0x0000000100000000)
  region size 1024K, 47 young (48128K), 7 survivors (7168K)
 Metaspace       used 89251K, committed 91328K, reserved 1179648K
  class space    used 11914K, committed 12928K, reserved 1048576K
}
Event: 38.158 GC heap after
{Heap after GC invocations=36 (full 0):
 garbage-first heap   total 141312K, used 85933K [0x0000000080000000, 0x0000000100000000)
  region size 1024K, 3 young (3072K), 3 survivors (3072K)
 Metaspace       used 89251K, committed 91328K, reserved 1179648K
  class space    used 11914K, committed 12928K, reserved 1048576K
}
Event: 38.338 GC heap before
{Heap before GC invocations=36 (full 0):
 garbage-first heap   total 141312K, used 91053K [0x0000000080000000, 0x0000000100000000)
  region size 1024K, 9 young (9216K), 3 survivors (3072K)
 Metaspace       used 89872K, committed 91904K, reserved 1179648K
  class space    used 11992K, committed 12992K, reserved 1048576K
}
Event: 38.345 GC heap after
{Heap after GC invocations=37 (full 0):
 garbage-first heap   total 141312K, used 86108K [0x0000000080000000, 0x0000000100000000)
  region size 1024K, 3 young (3072K), 3 survivors (3072K)
 Metaspace       used 89872K, committed 91904K, reserved 1179648K
  class space    used 11992K, committed 12992K, reserved 1048576K
}
Event: 39.601 GC heap before
{Heap before GC invocations=38 (full 0):
 garbage-first heap   total 150528K, used 132188K [0x0000000080000000, 0x0000000100000000)
  region size 1024K, 45 young (46080K), 3 survivors (3072K)
 Metaspace       used 93103K, committed 95168K, reserved 1179648K
  class space    used 12428K, committed 13440K, reserved 1048576K
}
Event: 39.608 GC heap after
{Heap after GC invocations=39 (full 0):
 garbage-first heap   total 150528K, used 91299K [0x0000000080000000, 0x0000000100000000)
  region size 1024K, 5 young (5120K), 5 survivors (5120K)
 Metaspace       used 93103K, committed 95168K, reserved 1179648K
  class space    used 12428K, committed 13440K, reserved 1048576K
}
Event: 40.617 GC heap before
{Heap before GC invocations=39 (full 0):
 garbage-first heap   total 150528K, used 136355K [0x0000000080000000, 0x0000000100000000)
  region size 1024K, 49 young (50176K), 5 survivors (5120K)
 Metaspace       used 94361K, committed 96384K, reserved 1179648K
  class space    used 12624K, committed 13632K, reserved 1048576K
}
Event: 40.631 GC heap after
{Heap after GC invocations=40 (full 0):
 garbage-first heap   total 150528K, used 94966K [0x0000000080000000, 0x0000000100000000)
  region size 1024K, 7 young (7168K), 7 survivors (7168K)
 Metaspace       used 94361K, committed 96384K, reserved 1179648K
  class space    used 12624K, committed 13632K, reserved 1048576K
}
Event: 41.592 GC heap before
{Heap before GC invocations=40 (full 0):
 garbage-first heap   total 150528K, used 132854K [0x0000000080000000, 0x0000000100000000)
  region size 1024K, 45 young (46080K), 7 survivors (7168K)
 Metaspace       used 97379K, committed 99456K, reserved 1179648K
  class space    used 13032K, committed 14080K, reserved 1048576K
}
Event: 41.603 GC heap after
{Heap after GC invocations=41 (full 0):
 garbage-first heap   total 181248K, used 97142K [0x0000000080000000, 0x0000000100000000)
  region size 1024K, 3 young (3072K), 3 survivors (3072K)
 Metaspace       used 97379K, committed 99456K, reserved 1179648K
  class space    used 13032K, committed 14080K, reserved 1048576K
}
Event: 43.401 GC heap before
{Heap before GC invocations=41 (full 0):
 garbage-first heap   total 181248K, used 158582K [0x0000000080000000, 0x0000000100000000)
  region size 1024K, 62 young (63488K), 3 survivors (3072K)
 Metaspace       used 102195K, committed 104320K, reserved 1179648K
  class space    used 13840K, committed 14912K, reserved 1048576K
}
Event: 43.410 GC heap after
{Heap after GC invocations=42 (full 0):
 garbage-first heap   total 181248K, used 98715K [0x0000000080000000, 0x0000000100000000)
  region size 1024K, 4 young (4096K), 4 survivors (4096K)
 Metaspace       used 102195K, committed 104320K, reserved 1179648K
  class space    used 13840K, committed 14912K, reserved 1048576K
}

